{"contracts\\FundMe.sol":{"l":{"33":0,"34":0,"48":0,"49":0,"54":0,"59":0,"60":0,"64":0,"69":0,"70":0,"72":0,"75":0,"76":0,"80":0,"82":0,"87":0,"88":0,"90":0,"92":0,"93":0,"105":0,"109":0,"113":0,"117":0,"121":0},"path":"C:\\Users\\abi11\\HardHatFundMeDemo\\contracts\\FundMe.sol","s":{"1":0,"2":0,"3":0,"4":0,"5":0,"6":0,"7":0,"8":0,"9":0,"10":0,"11":0,"12":0,"13":0,"14":0,"15":0,"16":0,"17":0},"b":{"1":[0,0],"2":[0,0],"3":[0,0],"4":[0,0],"5":[0,0],"6":[0,0]},"f":{"1":0,"2":0,"3":0,"4":0,"5":0,"6":0,"7":0,"8":0,"9":0,"10":0},"fnMap":{"1":{"name":"onlyOwner","line":31,"loc":{"start":{"line":31,"column":4},"end":{"line":35,"column":4}}},"2":{"name":"constructor","line":47,"loc":{"start":{"line":47,"column":4},"end":{"line":50,"column":4}}},"3":{"name":"fund","line":53,"loc":{"start":{"line":53,"column":4},"end":{"line":61,"column":4}}},"4":{"name":"withdraw","line":63,"loc":{"start":{"line":63,"column":4},"end":{"line":77,"column":4}}},"5":{"name":"cheaperWithdraw","line":79,"loc":{"start":{"line":79,"column":4},"end":{"line":94,"column":4}}},"6":{"name":"getAddressToAmountFunded","line":100,"loc":{"start":{"line":100,"column":4},"end":{"line":106,"column":4}}},"7":{"name":"getVersion","line":108,"loc":{"start":{"line":108,"column":4},"end":{"line":110,"column":4}}},"8":{"name":"getFunder","line":112,"loc":{"start":{"line":112,"column":4},"end":{"line":114,"column":4}}},"9":{"name":"getOwner","line":116,"loc":{"start":{"line":116,"column":4},"end":{"line":118,"column":4}}},"10":{"name":"getPriceFeed","line":120,"loc":{"start":{"line":120,"column":4},"end":{"line":122,"column":4}}}},"statementMap":{"1":{"start":{"line":33,"column":8},"end":{"line":33,"column":60}},"2":{"start":{"line":54,"column":8},"end":{"line":54,"column":1528}},"3":{"start":{"line":60,"column":8},"end":{"line":60,"column":33}},"4":{"start":{"line":64,"column":8},"end":{"line":64,"column":1922}},"5":{"start":{"line":69,"column":12},"end":{"line":69,"column":51}},"6":{"start":{"line":75,"column":8},"end":{"line":75,"column":73}},"7":{"start":{"line":76,"column":8},"end":{"line":76,"column":23}},"8":{"start":{"line":80,"column":8},"end":{"line":80,"column":44}},"9":{"start":{"line":82,"column":8},"end":{"line":82,"column":2556}},"10":{"start":{"line":87,"column":12},"end":{"line":87,"column":49}},"11":{"start":{"line":92,"column":8},"end":{"line":92,"column":73}},"12":{"start":{"line":93,"column":8},"end":{"line":93,"column":23}},"13":{"start":{"line":105,"column":8},"end":{"line":105,"column":54}},"14":{"start":{"line":109,"column":8},"end":{"line":109,"column":36}},"15":{"start":{"line":113,"column":8},"end":{"line":113,"column":31}},"16":{"start":{"line":117,"column":8},"end":{"line":117,"column":22}},"17":{"start":{"line":121,"column":8},"end":{"line":121,"column":26}}},"branchMap":{"1":{"line":33,"type":"if","locations":[{"start":{"line":33,"column":8},"end":{"line":33,"column":8}},{"start":{"line":33,"column":8},"end":{"line":33,"column":8}}]},"2":{"line":54,"type":"if","locations":[{"start":{"line":54,"column":8},"end":{"line":54,"column":8}},{"start":{"line":54,"column":8},"end":{"line":54,"column":8}}]},"3":{"line":63,"type":"if","locations":[{"start":{"line":63,"column":31},"end":{"line":63,"column":31}},{"start":{"line":63,"column":31},"end":{"line":63,"column":31}}]},"4":{"line":76,"type":"if","locations":[{"start":{"line":76,"column":8},"end":{"line":76,"column":8}},{"start":{"line":76,"column":8},"end":{"line":76,"column":8}}]},"5":{"line":79,"type":"if","locations":[{"start":{"line":79,"column":38},"end":{"line":79,"column":38}},{"start":{"line":79,"column":38},"end":{"line":79,"column":38}}]},"6":{"line":93,"type":"if","locations":[{"start":{"line":93,"column":8},"end":{"line":93,"column":8}},{"start":{"line":93,"column":8},"end":{"line":93,"column":8}}]}}},"contracts\\MockV3Aggregator.sol":{"l":{},"path":"C:\\Users\\abi11\\HardHatFundMeDemo\\contracts\\MockV3Aggregator.sol","s":{},"b":{},"f":{},"fnMap":{},"statementMap":{},"branchMap":{}},"contracts\\PriceConverter.sol":{"l":{"12":0,"14":0,"25":0,"26":0,"28":0},"path":"C:\\Users\\abi11\\HardHatFundMeDemo\\contracts\\PriceConverter.sol","s":{"1":0,"2":0,"3":0,"4":0,"5":0},"b":{},"f":{"1":0,"2":0},"fnMap":{"1":{"name":"getPrice","line":7,"loc":{"start":{"line":7,"column":2},"end":{"line":15,"column":2}}},"2":{"name":"getConversionRate","line":20,"loc":{"start":{"line":20,"column":2},"end":{"line":29,"column":2}}}},"statementMap":{"1":{"start":{"line":12,"column":4},"end":{"line":12,"column":57}},"2":{"start":{"line":14,"column":4},"end":{"line":14,"column":40}},"3":{"start":{"line":25,"column":4},"end":{"line":25,"column":42}},"4":{"start":{"line":26,"column":4},"end":{"line":26,"column":73}},"5":{"start":{"line":28,"column":4},"end":{"line":28,"column":25}}},"branchMap":{}}}