TN:
SF:C:\Users\abi11\HardHatFundMeDemo\contracts\FundMe.sol
FN:31,onlyOwner
FN:47,constructor
FN:53,fund
FN:63,withdraw
FN:79,cheaperWithdraw
FN:100,getAddressToAmountFunded
FN:108,getVersion
FN:112,getFunder
FN:116,getOwner
FN:120,getPriceFeed
FNF:10
FNH:0
FNDA:0,onlyOwner
FNDA:0,constructor
FNDA:0,fund
FNDA:0,withdraw
FNDA:0,cheaperWithdraw
FNDA:0,getAddressToAmountFunded
FNDA:0,getVersion
FNDA:0,getFunder
FNDA:0,getOwner
FNDA:0,getPriceFeed
DA:33,0
DA:34,0
DA:48,0
DA:49,0
DA:54,0
DA:59,0
DA:60,0
DA:64,0
DA:69,0
DA:70,0
DA:72,0
DA:75,0
DA:76,0
DA:80,0
DA:82,0
DA:87,0
DA:88,0
DA:90,0
DA:92,0
DA:93,0
DA:105,0
DA:109,0
DA:113,0
DA:117,0
DA:121,0
LF:25
LH:0
BRDA:33,1,0,0
BRDA:33,1,1,0
BRDA:54,2,0,0
BRDA:54,2,1,0
BRDA:63,3,0,0
BRDA:63,3,1,0
BRDA:76,4,0,0
BRDA:76,4,1,0
BRDA:79,5,0,0
BRDA:79,5,1,0
BRDA:93,6,0,0
BRDA:93,6,1,0
BRF:12
BRH:0
end_of_record
TN:
SF:C:\Users\abi11\HardHatFundMeDemo\contracts\MockV3Aggregator.sol
FNF:0
FNH:0
LF:0
LH:0
BRF:0
BRH:0
end_of_record
TN:
SF:C:\Users\abi11\HardHatFundMeDemo\contracts\PriceConverter.sol
FN:7,getPrice
FN:20,getConversionRate
FNF:2
FNH:0
FNDA:0,getPrice
FNDA:0,getConversionRate
DA:12,0
DA:14,0
DA:25,0
DA:26,0
DA:28,0
LF:5
LH:0
BRF:0
BRH:0
end_of_record
